<?xml version="1.0" encoding="UTF-8"?>
<!-- Generated by org.testng.reporters.JUnitReportReporter -->
<testsuite skipped="0" hostname="MSINGIRI-IN" name="com.ccs.testCases.TC_LoginTest_001" tests="2" failures="0" timestamp="01 Jun 2020 10:27:04 GMT" time="17.226" errors="0">
  <testcase name="loginTest" time="8.641" classname="com.ccs.testCases.TC_LoginTest_001"/>
  <testcase name="loginTest" time="8.585" classname="com.ccs.testCases.TC_LoginTest_001"/>
</testsuite> <!-- com.ccs.testCases.TC_LoginTest_001 -->
