<?xml version="1.0" encoding="UTF-8"?>
<!-- Generated by org.testng.reporters.JUnitReportReporter -->
<testsuite skipped="0" hostname="MSINGIRI-IN" name="com.ccs.testCases.TC_AddCustomerTest_003" tests="1" failures="0" timestamp="01 Jun 2020 10:27:04 GMT" time="23.290" errors="0">
  <testcase name="addNewCustomer" time="23.290" classname="com.ccs.testCases.TC_AddCustomerTest_003"/>
</testsuite> <!-- com.ccs.testCases.TC_AddCustomerTest_003 -->
