<?xml version="1.0" encoding="UTF-8"?>
<!-- Generated by org.testng.reporters.JUnitReportReporter -->
<testsuite skipped="0" hostname="MSINGIRI-IN" name="com.ccs.testCases.TC_LoginDDT_002" tests="2" failures="0" timestamp="16 Jun 2020 11:12:04 GMT" time="25.934" errors="0">
  <testcase name="LoginDDT" time="11.760" classname="com.ccs.testCases.TC_LoginDDT_002"/>
  <testcase name="LoginDDT" time="14.174" classname="com.ccs.testCases.TC_LoginDDT_002"/>
</testsuite> <!-- com.ccs.testCases.TC_LoginDDT_002 -->
