<?xml version="1.0" encoding="UTF-8"?>
<!-- Generated by org.testng.reporters.JUnitReportReporter -->
<testsuite skipped="0" hostname="MSINGIRI-IN" name="com.ccs.testCases.TC_LoginTest_001" tests="2" failures="0" timestamp="16 Jun 2020 11:12:04 GMT" time="21.754" errors="0">
  <testcase name="loginTest" time="9.354" classname="com.ccs.testCases.TC_LoginTest_001"/>
  <testcase name="loginTest" time="12.400" classname="com.ccs.testCases.TC_LoginTest_001"/>
</testsuite> <!-- com.ccs.testCases.TC_LoginTest_001 -->
