<?xml version="1.0" encoding="UTF-8"?>
<!-- Generated by org.testng.reporters.JUnitReportReporter -->
<testsuite skipped="0" hostname="MSINGIRI-IN" name="com.ccs.testCases.TC_AddCustomerTest_003" tests="1" failures="0" timestamp="02 Jun 2020 07:43:26 GMT" time="24.159" errors="0">
  <testcase name="addNewCustomer" time="24.159" classname="com.ccs.testCases.TC_AddCustomerTest_003"/>
</testsuite> <!-- com.ccs.testCases.TC_AddCustomerTest_003 -->
