<?xml version="1.0" encoding="UTF-8"?>
<!-- Generated by org.testng.reporters.JUnitReportReporter -->
<testsuite skipped="0" hostname="MSINGIRI-IN" name="com.ccs.testCases.TC_LoginTest_001" tests="2" failures="0" timestamp="02 Jun 2020 07:43:26 GMT" time="15.706" errors="0">
  <testcase name="loginTest" time="6.467" classname="com.ccs.testCases.TC_LoginTest_001"/>
  <testcase name="loginTest" time="9.239" classname="com.ccs.testCases.TC_LoginTest_001"/>
</testsuite> <!-- com.ccs.testCases.TC_LoginTest_001 -->
