<?xml version="1.0" encoding="UTF-8"?>
<!-- Generated by org.testng.reporters.JUnitReportReporter -->
<testsuite skipped="0" hostname="MSINGIRI-IN" name="com.ccs.testCases.TC_LoginTest_001" tests="2" failures="0" timestamp="11 Jun 2020 11:39:58 GMT" time="20.240" errors="0">
  <testcase name="loginTest" time="9.659" classname="com.ccs.testCases.TC_LoginTest_001"/>
  <testcase name="loginTest" time="10.581" classname="com.ccs.testCases.TC_LoginTest_001"/>
</testsuite> <!-- com.ccs.testCases.TC_LoginTest_001 -->
